<?xml version="1.0" encoding="UTF-8"?>
<!-- Generated by org.testng.reporters.JUnitReportReporter -->
<testsuite hostname="AnoopAcerLaptop" failures="0" tests="5" name="testscript.LoginTestCase" time="19.276" errors="0" timestamp="2026-03-18T00:47:14 IST" skipped="0">
  <testcase classname="testscript.LoginTestCase" name="login_validUsernameandcredentials" time="4.565"/>
  <testcase classname="testscript.LoginTestCase" name="login_validusernameAndInvalidpassword" time="4.187"/>
  <testcase classname="testscript.LoginTestCase" name="login_invalidusernameAndValidpassword" time="3.790"/>
  <testcase classname="testscript.LoginTestCase" name="login_incorrectusernameAndpassword" time="3.556"/>
  <testcase classname="testscript.LoginTestCase" name="login_emptyUsernameAndPassword" time="3.178"/>
</testsuite> <!-- testscript.LoginTestCase -->
