<?xml version="1.0" encoding="UTF-8"?>
<!-- Generated by org.testng.reporters.JUnitReportReporter -->
<testsuite hostname="AnoopAcerLaptop" failures="0" tests="5" name="testscript.LoginTestCase" time="18.187" errors="0" timestamp="2026-03-14T00:13:43 IST" skipped="0">
  <testcase classname="testscript.LoginTestCase" name="login_validUsernameandcredentials" time="4.397"/>
  <testcase classname="testscript.LoginTestCase" name="login_validusernameAndInvalidpassword" time="2.932"/>
  <testcase classname="testscript.LoginTestCase" name="login_invalidusernameAndValidpassword" time="2.957"/>
  <testcase classname="testscript.LoginTestCase" name="login_incorrectusernameAndpassword" time="2.639"/>
  <testcase classname="testscript.LoginTestCase" name="login_emptyUsernameAndPassword" time="5.262"/>
</testsuite> <!-- testscript.LoginTestCase -->
