<?xml version="1.0" encoding="UTF-8"?>
<testng-results ignored="0" total="11" passed="11" failed="0" skipped="0">
  <reporter-output>
  </reporter-output>
  <suite started-at="2026-03-20T08:37:17 IST" name="Suite" finished-at="2026-03-20T08:38:05 IST" duration-ms="48624">
    <groups>
      <group name="Regression">
        <method signature="AdminUserTestCase.addAdminuserInfo()[pri:0, instance:testscript.AdminUserTestCase@3f1d2e23]" name="addAdminuserInfo" class="testscript.AdminUserTestCase"/>
        <method signature="LogoutTestCase.performLogout()[pri:0, instance:testscript.LogoutTestCase@638ef7ed]" name="performLogout" class="testscript.LogoutTestCase"/>
        <method signature="ManageCategoryTestcase.addCategory()[pri:0, instance:testscript.ManageCategoryTestcase@536dbea0]" name="addCategory" class="testscript.ManageCategoryTestcase"/>
        <method signature="ManageFooterTestCase.updateFooterinformations()[pri:0, instance:testscript.ManageFooterTestCase@47c81abf]" name="updateFooterinformations" class="testscript.ManageFooterTestCase"/>
        <method signature="ManageNewsTestCase.addNews()[pri:0, instance:testscript.ManageNewsTestCase@4bff7da0]" name="addNews" class="testscript.ManageNewsTestCase"/>
        <method signature="MananageContactsTestCase.updateContactinfo()[pri:0, instance:testscript.MananageContactsTestCase@776a6d9b]" name="updateContactinfo" class="testscript.MananageContactsTestCase"/>
        <method signature="LoginTestCase.login_validUsernameandcredentials()[pri:1, instance:testscript.LoginTestCase@10289886]" name="login_validUsernameandcredentials" class="testscript.LoginTestCase"/>
        <method signature="LoginTestCase.login_validusernameAndInvalidpassword()[pri:2, instance:testscript.LoginTestCase@10289886]" name="login_validusernameAndInvalidpassword" class="testscript.LoginTestCase"/>
        <method signature="LoginTestCase.login_invalidusernameAndValidpassword()[pri:3, instance:testscript.LoginTestCase@10289886]" name="login_invalidusernameAndValidpassword" class="testscript.LoginTestCase"/>
        <method signature="LoginTestCase.login_incorrectusernameAndpassword()[pri:4, instance:testscript.LoginTestCase@10289886]" name="login_incorrectusernameAndpassword" class="testscript.LoginTestCase"/>
        <method signature="LoginTestCase.login_emptyUsernameAndPassword()[pri:5, instance:testscript.LoginTestCase@10289886]" name="login_emptyUsernameAndPassword" class="testscript.LoginTestCase"/>
      </group> <!-- Regression -->
    </groups>
    <test started-at="2026-03-20T08:37:17 IST" name="Test" finished-at="2026-03-20T08:38:05 IST" duration-ms="48624">
      <class name="testscript.ManageNewsTestCase">
        <test-method is-config="true" signature="initialiseBrowser(java.lang.String)[pri:0, instance:testscript.ManageNewsTestCase@4bff7da0]" started-at="2026-03-20T08:37:39 IST" name="initialiseBrowser" finished-at="2026-03-20T08:37:40 IST" duration-ms="1730" status="PASS">
          <params>
            <param index="0">
              <value>
                <![CDATA[chrome]]>
              </value>
            </param>
          </params>
          <reporter-output>
          </reporter-output>
        </test-method> <!-- initialiseBrowser -->
        <test-method signature="addNews()[pri:0, instance:testscript.ManageNewsTestCase@4bff7da0]" started-at="2026-03-20T08:37:40 IST" name="addNews" description="Verify if the user is able to add news and save" finished-at="2026-03-20T08:37:43 IST" duration-ms="2736" status="PASS">
          <reporter-output>
          </reporter-output>
        </test-method> <!-- addNews -->
        <test-method is-config="true" signature="browserQuitAndClose(org.testng.ITestResult)[pri:0, instance:testscript.ManageNewsTestCase@4bff7da0]" started-at="2026-03-20T08:37:43 IST" name="browserQuitAndClose" finished-at="2026-03-20T08:37:43 IST" duration-ms="306" status="PASS">
          <params>
            <param index="0">
              <value>
                <![CDATA[[TestResult name=addNews status=SUCCESS method=ManageNewsTestCase.addNews()[pri:0, instance:testscript.ManageNewsTestCase@4bff7da0] output={null}]]]>
              </value>
            </param>
          </params>
          <reporter-output>
          </reporter-output>
        </test-method> <!-- browserQuitAndClose -->
      </class> <!-- testscript.ManageNewsTestCase -->
      <class name="testscript.AdminUserTestCase">
        <test-method is-config="true" signature="initialiseBrowser(java.lang.String)[pri:0, instance:testscript.AdminUserTestCase@3f1d2e23]" started-at="2026-03-20T08:37:43 IST" name="initialiseBrowser" finished-at="2026-03-20T08:37:45 IST" duration-ms="1782" status="PASS">
          <params>
            <param index="0">
              <value>
                <![CDATA[chrome]]>
              </value>
            </param>
          </params>
          <reporter-output>
          </reporter-output>
        </test-method> <!-- initialiseBrowser -->
        <test-method signature="addAdminuserInfo()[pri:0, instance:testscript.AdminUserTestCase@3f1d2e23]" started-at="2026-03-20T08:37:45 IST" name="addAdminuserInfo" description="Verify if the user is able to add and save admin user details" finished-at="2026-03-20T08:37:49 IST" duration-ms="3385" status="PASS">
          <reporter-output>
          </reporter-output>
        </test-method> <!-- addAdminuserInfo -->
        <test-method is-config="true" signature="browserQuitAndClose(org.testng.ITestResult)[pri:0, instance:testscript.AdminUserTestCase@3f1d2e23]" started-at="2026-03-20T08:37:49 IST" name="browserQuitAndClose" finished-at="2026-03-20T08:37:49 IST" duration-ms="274" status="PASS">
          <params>
            <param index="0">
              <value>
                <![CDATA[[TestResult name=addAdminuserInfo status=SUCCESS method=AdminUserTestCase.addAdminuserInfo()[pri:0, instance:testscript.AdminUserTestCase@3f1d2e23] output={null}]]]>
              </value>
            </param>
          </params>
          <reporter-output>
          </reporter-output>
        </test-method> <!-- browserQuitAndClose -->
      </class> <!-- testscript.AdminUserTestCase -->
      <class name="testscript.ManageCategoryTestcase">
        <test-method is-config="true" signature="initialiseBrowser(java.lang.String)[pri:0, instance:testscript.ManageCategoryTestcase@536dbea0]" started-at="2026-03-20T08:37:49 IST" name="initialiseBrowser" finished-at="2026-03-20T08:37:51 IST" duration-ms="1729" status="PASS">
          <params>
            <param index="0">
              <value>
                <![CDATA[chrome]]>
              </value>
            </param>
          </params>
          <reporter-output>
          </reporter-output>
        </test-method> <!-- initialiseBrowser -->
        <test-method signature="addCategory()[pri:0, instance:testscript.ManageCategoryTestcase@536dbea0]" started-at="2026-03-20T08:37:51 IST" name="addCategory" description="Verify if the user is able to add and save new categories" finished-at="2026-03-20T08:37:54 IST" duration-ms="3129" status="PASS">
          <reporter-output>
          </reporter-output>
        </test-method> <!-- addCategory -->
        <test-method is-config="true" signature="browserQuitAndClose(org.testng.ITestResult)[pri:0, instance:testscript.ManageCategoryTestcase@536dbea0]" started-at="2026-03-20T08:37:54 IST" name="browserQuitAndClose" finished-at="2026-03-20T08:37:54 IST" duration-ms="398" status="PASS">
          <params>
            <param index="0">
              <value>
                <![CDATA[[TestResult name=addCategory status=SUCCESS method=ManageCategoryTestcase.addCategory()[pri:0, instance:testscript.ManageCategoryTestcase@536dbea0] output={null}]]]>
              </value>
            </param>
          </params>
          <reporter-output>
          </reporter-output>
        </test-method> <!-- browserQuitAndClose -->
      </class> <!-- testscript.ManageCategoryTestcase -->
      <class name="testscript.LogoutTestCase">
        <test-method is-config="true" signature="initialiseBrowser(java.lang.String)[pri:0, instance:testscript.LogoutTestCase@638ef7ed]" started-at="2026-03-20T08:37:35 IST" name="initialiseBrowser" finished-at="2026-03-20T08:37:37 IST" duration-ms="1733" status="PASS">
          <params>
            <param index="0">
              <value>
                <![CDATA[chrome]]>
              </value>
            </param>
          </params>
          <reporter-output>
          </reporter-output>
        </test-method> <!-- initialiseBrowser -->
        <test-method signature="performLogout()[pri:0, instance:testscript.LogoutTestCase@638ef7ed]" started-at="2026-03-20T08:37:37 IST" name="performLogout" description="Verify if user is able to log out" finished-at="2026-03-20T08:37:38 IST" duration-ms="1498" status="PASS">
          <reporter-output>
          </reporter-output>
        </test-method> <!-- performLogout -->
        <test-method is-config="true" signature="browserQuitAndClose(org.testng.ITestResult)[pri:0, instance:testscript.LogoutTestCase@638ef7ed]" started-at="2026-03-20T08:37:38 IST" name="browserQuitAndClose" finished-at="2026-03-20T08:37:39 IST" duration-ms="266" status="PASS">
          <params>
            <param index="0">
              <value>
                <![CDATA[[TestResult name=performLogout status=SUCCESS method=LogoutTestCase.performLogout()[pri:0, instance:testscript.LogoutTestCase@638ef7ed] output={null}]]]>
              </value>
            </param>
          </params>
          <reporter-output>
          </reporter-output>
        </test-method> <!-- browserQuitAndClose -->
      </class> <!-- testscript.LogoutTestCase -->
      <class name="testscript.LoginTestCase">
        <test-method is-config="true" signature="initialiseBrowser(java.lang.String)[pri:0, instance:testscript.LoginTestCase@10289886]" started-at="2026-03-20T08:37:17 IST" name="initialiseBrowser" finished-at="2026-03-20T08:37:20 IST" duration-ms="2852" status="PASS">
          <params>
            <param index="0">
              <value>
                <![CDATA[chrome]]>
              </value>
            </param>
          </params>
          <reporter-output>
          </reporter-output>
        </test-method> <!-- initialiseBrowser -->
        <test-method signature="login_validUsernameandcredentials()[pri:1, instance:testscript.LoginTestCase@10289886]" started-at="2026-03-20T08:37:20 IST" name="login_validUsernameandcredentials" description="Verify login functionaility" finished-at="2026-03-20T08:37:23 IST" duration-ms="3298" status="PASS">
          <reporter-output>
          </reporter-output>
        </test-method> <!-- login_validUsernameandcredentials -->
        <test-method is-config="true" signature="browserQuitAndClose(org.testng.ITestResult)[pri:0, instance:testscript.LoginTestCase@10289886]" started-at="2026-03-20T08:37:23 IST" name="browserQuitAndClose" finished-at="2026-03-20T08:37:23 IST" duration-ms="389" status="PASS">
          <params>
            <param index="0">
              <value>
                <![CDATA[[TestResult name=login_validUsernameandcredentials status=SUCCESS method=LoginTestCase.login_validUsernameandcredentials()[pri:1, instance:testscript.LoginTestCase@10289886] output={null}]]]>
              </value>
            </param>
          </params>
          <reporter-output>
          </reporter-output>
        </test-method> <!-- browserQuitAndClose -->
        <test-method is-config="true" signature="initialiseBrowser(java.lang.String)[pri:0, instance:testscript.LoginTestCase@10289886]" started-at="2026-03-20T08:37:23 IST" name="initialiseBrowser" finished-at="2026-03-20T08:37:25 IST" duration-ms="1827" status="PASS">
          <params>
            <param index="0">
              <value>
                <![CDATA[chrome]]>
              </value>
            </param>
          </params>
          <reporter-output>
          </reporter-output>
        </test-method> <!-- initialiseBrowser -->
        <test-method signature="login_validusernameAndInvalidpassword()[pri:2, instance:testscript.LoginTestCase@10289886]" started-at="2026-03-20T08:37:25 IST" name="login_validusernameAndInvalidpassword" description="Verify login with valid username and invalid password" finished-at="2026-03-20T08:37:26 IST" duration-ms="951" status="PASS">
          <reporter-output>
          </reporter-output>
        </test-method> <!-- login_validusernameAndInvalidpassword -->
        <test-method is-config="true" signature="browserQuitAndClose(org.testng.ITestResult)[pri:0, instance:testscript.LoginTestCase@10289886]" started-at="2026-03-20T08:37:26 IST" name="browserQuitAndClose" finished-at="2026-03-20T08:37:26 IST" duration-ms="248" status="PASS">
          <params>
            <param index="0">
              <value>
                <![CDATA[[TestResult name=login_validusernameAndInvalidpassword status=SUCCESS method=LoginTestCase.login_validusernameAndInvalidpassword()[pri:2, instance:testscript.LoginTestCase@10289886] output={null}]]]>
              </value>
            </param>
          </params>
          <reporter-output>
          </reporter-output>
        </test-method> <!-- browserQuitAndClose -->
        <test-method is-config="true" signature="initialiseBrowser(java.lang.String)[pri:0, instance:testscript.LoginTestCase@10289886]" started-at="2026-03-20T08:37:26 IST" name="initialiseBrowser" finished-at="2026-03-20T08:37:28 IST" duration-ms="1726" status="PASS">
          <params>
            <param index="0">
              <value>
                <![CDATA[chrome]]>
              </value>
            </param>
          </params>
          <reporter-output>
          </reporter-output>
        </test-method> <!-- initialiseBrowser -->
        <test-method signature="login_invalidusernameAndValidpassword()[pri:3, instance:testscript.LoginTestCase@10289886]" started-at="2026-03-20T08:37:28 IST" name="login_invalidusernameAndValidpassword" description="Verify login with invalid username and valid password" finished-at="2026-03-20T08:37:29 IST" duration-ms="953" status="PASS">
          <reporter-output>
          </reporter-output>
        </test-method> <!-- login_invalidusernameAndValidpassword -->
        <test-method is-config="true" signature="browserQuitAndClose(org.testng.ITestResult)[pri:0, instance:testscript.LoginTestCase@10289886]" started-at="2026-03-20T08:37:29 IST" name="browserQuitAndClose" finished-at="2026-03-20T08:37:29 IST" duration-ms="357" status="PASS">
          <params>
            <param index="0">
              <value>
                <![CDATA[[TestResult name=login_invalidusernameAndValidpassword status=SUCCESS method=LoginTestCase.login_invalidusernameAndValidpassword()[pri:3, instance:testscript.LoginTestCase@10289886] output={null}]]]>
              </value>
            </param>
          </params>
          <reporter-output>
          </reporter-output>
        </test-method> <!-- browserQuitAndClose -->
        <test-method is-config="true" signature="initialiseBrowser(java.lang.String)[pri:0, instance:testscript.LoginTestCase@10289886]" started-at="2026-03-20T08:37:29 IST" name="initialiseBrowser" finished-at="2026-03-20T08:37:31 IST" duration-ms="1742" status="PASS">
          <params>
            <param index="0">
              <value>
                <![CDATA[chrome]]>
              </value>
            </param>
          </params>
          <reporter-output>
          </reporter-output>
        </test-method> <!-- initialiseBrowser -->
        <test-method signature="login_incorrectusernameAndpassword()[pri:4, instance:testscript.LoginTestCase@10289886]" started-at="2026-03-20T08:37:31 IST" name="login_incorrectusernameAndpassword" description="Verify login with invalid username and password" finished-at="2026-03-20T08:37:32 IST" duration-ms="873" status="PASS">
          <reporter-output>
          </reporter-output>
        </test-method> <!-- login_incorrectusernameAndpassword -->
        <test-method is-config="true" signature="browserQuitAndClose(org.testng.ITestResult)[pri:0, instance:testscript.LoginTestCase@10289886]" started-at="2026-03-20T08:37:32 IST" name="browserQuitAndClose" finished-at="2026-03-20T08:37:32 IST" duration-ms="314" status="PASS">
          <params>
            <param index="0">
              <value>
                <![CDATA[[TestResult name=login_incorrectusernameAndpassword status=SUCCESS method=LoginTestCase.login_incorrectusernameAndpassword()[pri:4, instance:testscript.LoginTestCase@10289886] output={null}]]]>
              </value>
            </param>
          </params>
          <reporter-output>
          </reporter-output>
        </test-method> <!-- browserQuitAndClose -->
        <test-method is-config="true" signature="initialiseBrowser(java.lang.String)[pri:0, instance:testscript.LoginTestCase@10289886]" started-at="2026-03-20T08:37:32 IST" name="initialiseBrowser" finished-at="2026-03-20T08:37:34 IST" duration-ms="1926" status="PASS">
          <params>
            <param index="0">
              <value>
                <![CDATA[chrome]]>
              </value>
            </param>
          </params>
          <reporter-output>
          </reporter-output>
        </test-method> <!-- initialiseBrowser -->
        <test-method signature="login_emptyUsernameAndPassword()[pri:5, instance:testscript.LoginTestCase@10289886]" started-at="2026-03-20T08:37:34 IST" name="login_emptyUsernameAndPassword" description="Verify login with empty username and password" finished-at="2026-03-20T08:37:35 IST" duration-ms="631" status="PASS">
          <reporter-output>
          </reporter-output>
        </test-method> <!-- login_emptyUsernameAndPassword -->
        <test-method is-config="true" signature="browserQuitAndClose(org.testng.ITestResult)[pri:0, instance:testscript.LoginTestCase@10289886]" started-at="2026-03-20T08:37:35 IST" name="browserQuitAndClose" finished-at="2026-03-20T08:37:35 IST" duration-ms="308" status="PASS">
          <params>
            <param index="0">
              <value>
                <![CDATA[[TestResult name=login_emptyUsernameAndPassword status=SUCCESS method=LoginTestCase.login_emptyUsernameAndPassword()[pri:5, instance:testscript.LoginTestCase@10289886] output={null}]]]>
              </value>
            </param>
          </params>
          <reporter-output>
          </reporter-output>
        </test-method> <!-- browserQuitAndClose -->
      </class> <!-- testscript.LoginTestCase -->
      <class name="testscript.ManageFooterTestCase">
        <test-method is-config="true" signature="initialiseBrowser(java.lang.String)[pri:0, instance:testscript.ManageFooterTestCase@47c81abf]" started-at="2026-03-20T08:37:54 IST" name="initialiseBrowser" finished-at="2026-03-20T08:37:56 IST" duration-ms="1878" status="PASS">
          <params>
            <param index="0">
              <value>
                <![CDATA[chrome]]>
              </value>
            </param>
          </params>
          <reporter-output>
          </reporter-output>
        </test-method> <!-- initialiseBrowser -->
        <test-method signature="updateFooterinformations()[pri:0, instance:testscript.ManageFooterTestCase@47c81abf]" started-at="2026-03-20T08:37:56 IST" name="updateFooterinformations" description="Verify if user is able to update footer informations" finished-at="2026-03-20T08:37:59 IST" duration-ms="2692" status="PASS">
          <reporter-output>
          </reporter-output>
        </test-method> <!-- updateFooterinformations -->
        <test-method is-config="true" signature="browserQuitAndClose(org.testng.ITestResult)[pri:0, instance:testscript.ManageFooterTestCase@47c81abf]" started-at="2026-03-20T08:37:59 IST" name="browserQuitAndClose" finished-at="2026-03-20T08:37:59 IST" duration-ms="375" status="PASS">
          <params>
            <param index="0">
              <value>
                <![CDATA[[TestResult name=updateFooterinformations status=SUCCESS method=ManageFooterTestCase.updateFooterinformations()[pri:0, instance:testscript.ManageFooterTestCase@47c81abf] output={null}]]]>
              </value>
            </param>
          </params>
          <reporter-output>
          </reporter-output>
        </test-method> <!-- browserQuitAndClose -->
      </class> <!-- testscript.ManageFooterTestCase -->
      <class name="testscript.MananageContactsTestCase">
        <test-method is-config="true" signature="initialiseBrowser(java.lang.String)[pri:0, instance:testscript.MananageContactsTestCase@776a6d9b]" started-at="2026-03-20T08:37:59 IST" name="initialiseBrowser" finished-at="2026-03-20T08:38:01 IST" duration-ms="1880" status="PASS">
          <params>
            <param index="0">
              <value>
                <![CDATA[chrome]]>
              </value>
            </param>
          </params>
          <reporter-output>
          </reporter-output>
        </test-method> <!-- initialiseBrowser -->
        <test-method signature="updateContactinfo()[pri:0, instance:testscript.MananageContactsTestCase@776a6d9b]" started-at="2026-03-20T08:38:01 IST" name="updateContactinfo" description="verify if user is able to update contacts" finished-at="2026-03-20T08:38:05 IST" duration-ms="3954" status="PASS">
          <reporter-output>
          </reporter-output>
        </test-method> <!-- updateContactinfo -->
        <test-method is-config="true" signature="browserQuitAndClose(org.testng.ITestResult)[pri:0, instance:testscript.MananageContactsTestCase@776a6d9b]" started-at="2026-03-20T08:38:05 IST" name="browserQuitAndClose" finished-at="2026-03-20T08:38:05 IST" duration-ms="333" status="PASS">
          <params>
            <param index="0">
              <value>
                <![CDATA[[TestResult name=updateContactinfo status=SUCCESS method=MananageContactsTestCase.updateContactinfo()[pri:0, instance:testscript.MananageContactsTestCase@776a6d9b] output={null}]]]>
              </value>
            </param>
          </params>
          <reporter-output>
          </reporter-output>
        </test-method> <!-- browserQuitAndClose -->
      </class> <!-- testscript.MananageContactsTestCase -->
    </test> <!-- Test -->
  </suite> <!-- Suite -->
</testng-results>
