<?xml version="1.0" encoding="UTF-8"?>
<!-- Generated by org.testng.reporters.JUnitXMLReporter -->
<testsuite ignored="0" hostname="AnoopAcerLaptop" failures="0" tests="11" name="Test" time="48.624" errors="0" timestamp="2026-03-20T08:38:06 IST">
  <testcase classname="testscript.LoginTestCase" name="login_validUsernameandcredentials" time="3.298"/>
  <testcase classname="testscript.LoginTestCase" name="login_validusernameAndInvalidpassword" time="0.951"/>
  <testcase classname="testscript.LoginTestCase" name="login_invalidusernameAndValidpassword" time="0.953"/>
  <testcase classname="testscript.LoginTestCase" name="login_incorrectusernameAndpassword" time="0.873"/>
  <testcase classname="testscript.LoginTestCase" name="login_emptyUsernameAndPassword" time="0.631"/>
  <testcase classname="testscript.LogoutTestCase" name="performLogout" time="1.498"/>
  <testcase classname="testscript.ManageNewsTestCase" name="addNews" time="2.736"/>
  <testcase classname="testscript.AdminUserTestCase" name="addAdminuserInfo" time="3.385"/>
  <testcase classname="testscript.ManageCategoryTestcase" name="addCategory" time="3.129"/>
  <testcase classname="testscript.ManageFooterTestCase" name="updateFooterinformations" time="2.692"/>
  <testcase classname="testscript.MananageContactsTestCase" name="updateContactinfo" time="3.954"/>
</testsuite> <!-- Test -->
